<?xml version="1.0" encoding="UTF-8"?>
<testsuite name="FeatureTest" tests="1" skipped="0" failures="0" errors="0" timestamp="2019-02-20T14:27:35" hostname="Andrews-MacBook-Pro.local" time="0.002">
  <properties/>
  <testcase name="make2Deposits1Withdrawal" classname="FeatureTest" time="0.002"/>
  <system-out><![CDATA[Amount is: 1000.1
Amount is: 2000.01
Amount is: 500.0
]]></system-out>
  <system-err><![CDATA[]]></system-err>
</testsuite>
