<?xml version="1.0" encoding="UTF-8"?>
<testsuite name="PrinterTest" tests="1" skipped="0" failures="0" errors="0" timestamp="2019-02-24T18:38:38" hostname="Andrews-MacBook-Pro.local" time="0.001">
  <properties/>
  <testcase name="printerPrintStatementOutputsStatement" classname="PrinterTest" time="0.001"/>
  <system-out><![CDATA[date || credit || debit || balance
24/02/2019 || || -500.00 || 2500.00
24/02/2019 || 2000.00 || || 3000.00
24/02/2019 || 1000.00 || || 1000.00
]]></system-out>
  <system-err><![CDATA[]]></system-err>
</testsuite>
