<?xml version="1.0" encoding="UTF-8"?>
<testsuite name="TransactionTest" tests="3" skipped="0" failures="0" errors="0" timestamp="2019-02-20T20:59:12" hostname="Andrews-MacBook-Pro.local" time="0.063">
  <properties/>
  <testcase name="withdrawalAddedToTransaction" classname="TransactionTest" time="0.055"/>
  <testcase name="depositX2WithdrawalX1AddedToTransaction" classname="TransactionTest" time="0.007"/>
  <testcase name="depostitAddedToTransaction" classname="TransactionTest" time="0.0"/>
  <system-out><![CDATA[XXX testHelper testTransactionLog is: [20/02/2019 || 1000.00 || || 1000.00
, 20/02/2019 || 2000.00 || || 3000.00
, 20/02/2019 || || -500.00 || 2500.00
]
]]></system-out>
  <system-err><![CDATA[]]></system-err>
</testsuite>
