<?xml version="1.0" encoding="UTF-8"?>
<testsuite name="AccountTest" tests="3" skipped="0" failures="0" errors="0" timestamp="2019-02-18T19:49:49" hostname="Andrews-MacBook-Pro.local" time="0.002">
  <properties/>
  <testcase name="depostiIncreasesBalance" classname="AccountTest" time="0.0"/>
  <testcase name="zeroBalanceTest" classname="AccountTest" time="0.0"/>
  <testcase name="withdrawalDecreasesBalance" classname="AccountTest" time="0.001"/>
  <system-out><![CDATA[MMM balance is: -1000.0
]]></system-out>
  <system-err><![CDATA[]]></system-err>
</testsuite>
