<?xml version="1.0" encoding="UTF-8"?>
<testsuite name="TransactionTest" tests="2" skipped="0" failures="0" errors="0" timestamp="2019-02-18T19:37:45" hostname="Andrews-MacBook-Pro.local" time="0.07">
  <properties/>
  <testcase name="withdrawalAddedToTransaction" classname="TransactionTest" time="0.069"/>
  <testcase name="depostitAddedToTransaction" classname="TransactionTest" time="0.001"/>
  <system-out><![CDATA[]]></system-out>
  <system-err><![CDATA[]]></system-err>
</testsuite>
