<?xml version="1.0" encoding="UTF-8"?>
<testsuite name="PrinterTest" tests="1" skipped="0" failures="0" errors="0" timestamp="2019-02-20T14:27:35" hostname="Andrews-MacBook-Pro.local" time="0.014">
  <properties/>
  <testcase name="atest" classname="PrinterTest" time="0.014"/>
  <system-out><![CDATA[testTransactionLog.length is: 3
B4 reverse testTransactionLog is: [19/02/2019 || 1000.00 || || 1000.00
, 19/02/2019 || 2000.00 || || 3000.00
, 19/02/2019 || || -500.00 || 2500.00
]
trans log element 2 is: 19/02/2019 || || -500.00 || 2500.00

trans log element 1 is: 19/02/2019 || 2000.00 || || 3000.00

trans log element 0 is: 19/02/2019 || 1000.00 || || 1000.00

After reverse testTransactionLog is: [date || credit || debit || balance
, 19/02/2019 || || -500.00 || 2500.00
, 19/02/2019 || 2000.00 || || 3000.00
, 19/02/2019 || 1000.00 || || 1000.00
]
]]></system-out>
  <system-err><![CDATA[]]></system-err>
</testsuite>
