<?xml version="1.0" encoding="UTF-8"?>
<testsuite name="TransactionTest" tests="1" skipped="0" failures="0" errors="0" timestamp="2019-02-18T18:15:51" hostname="Andrews-MacBook-Pro.local" time="0.069">
  <properties/>
  <testcase name="depostitAddedToTransaction" classname="TransactionTest" time="0.069"/>
  <system-out><![CDATA[]]></system-out>
  <system-err><![CDATA[]]></system-err>
</testsuite>
