<?xml version="1.0" encoding="UTF-8"?>
<testsuite name="FeatureTest" tests="1" skipped="0" failures="0" errors="0" timestamp="2019-02-19T12:26:07" hostname="Andrews-MacBook-Pro.local" time="0.008">
  <properties/>
  <testcase name="make2Deposits1Withdrawal" classname="FeatureTest" time="0.008"/>
  <system-out><![CDATA[MMM balance is: 2500.11
]]></system-out>
  <system-err><![CDATA[]]></system-err>
</testsuite>
