<?xml version="1.0" encoding="UTF-8"?>
<testsuite name="AccountTest" tests="1" skipped="0" failures="0" errors="0" timestamp="2019-02-15T16:19:32" hostname="Andrews-MacBook-Pro.local" time="0.042">
  <properties/>
  <testcase name="zeroBalanceTest" classname="AccountTest" time="0.042"/>
  <system-out><![CDATA[Fri Feb 15 16:19:32 GMT 2019
]]></system-out>
  <system-err><![CDATA[]]></system-err>
</testsuite>
