<?xml version="1.0" encoding="UTF-8"?>
<testsuite name="AccountTest" tests="3" skipped="0" failures="0" errors="0" timestamp="2019-02-18T18:17:26" hostname="Andrews-MacBook-Pro.local" time="0.001">
  <properties/>
  <testcase name="depostiIncreasesBalance" classname="AccountTest" time="0.001"/>
  <testcase name="zeroBalanceTest" classname="AccountTest" time="0.0"/>
  <testcase name="withdrawalDecreasesBalance" classname="AccountTest" time="0.0"/>
  <system-out><![CDATA[]]></system-out>
  <system-err><![CDATA[]]></system-err>
</testsuite>
