<?xml version="1.0" encoding="UTF-8"?>
<testsuite name="AccountTest" tests="7" skipped="0" failures="0" errors="0" timestamp="2019-02-20T14:27:35" hostname="Andrews-MacBook-Pro.local" time="0.011">
  <properties/>
  <testcase name="validatesWithdrawal0AmountIsPositive_1" classname="AccountTest" time="0.006"/>
  <testcase name="validatesDepositAmountIsPositive_0" classname="AccountTest" time="0.0"/>
  <testcase name="validatesDepositAmountIsPositive_1" classname="AccountTest" time="0.001"/>
  <testcase name="depostiIncreasesBalance" classname="AccountTest" time="0.0"/>
  <testcase name="zeroBalanceTest" classname="AccountTest" time="0.0"/>
  <testcase name="withdrawalDecreasesBalance" classname="AccountTest" time="0.001"/>
  <testcase name="validatesWithdrawalAmountIsPositive_0" classname="AccountTest" time="0.001"/>
  <system-out><![CDATA[Amount is: -1.0
Amount is: 0.0
Amount is: -1.0
Amount is: 1000.0
Amount is: 1000.0
Amount is: 0.0
]]></system-out>
  <system-err><![CDATA[]]></system-err>
</testsuite>
